gavrasm Gerd's AVR assembler version 5.4 (C)2022 by DG4FAC
----------------------------------------------------------

Path:        C:\Users\Facundo\Desktop\LABS Micro\Microcontroladores\Contador\
Source file: Contador Up-down.asm
Hex file:    Contador Up-down.hex
Eeprom file: Contador Up-down.eep
Compiled:    06.09.2024, 00:17:07
Pass:        2

     1: .include "m328pdef.inc" ; Define device ATmega328P
 -> Warning 009: Include defs not necessary, using internal values!
   File: C:\Users\Facundo\Desktop\LABS Micro\Microcontroladores\Contador\Contador Up-down.asm, Line: 1
   Source line: .include "m328pdef.inc" ; Define device ATmega328P
     2: .ORG	 0X0000
     3: 000000   C004  RJMP     Inicio
     4: .ORG     0x0002
     5: 000002   C023  RJMP     RSI_0
     6: .ORG     0x0004
     7: 000004   C023  RJMP     RSI_1
     8: 
     9: Inicio:
    10: 000005   9478  SEI		;Habilitar interrupciones globales
    11: 
    12:        ; Configurar SP
    13: 000006   E008  LDI		R16, HIGH(RAMEND)
    14: 000007   BF0E  OUT		SPH, r16
    15: 000008   EF0F  LDI		R16, LOW(RAMEND)
    16: 000009   BF0D  OUT		SPL, r16
    17: 
    18: 00000A   EF0F  LDI      r16, 0xFF
    19: 00000B   B907  OUT      DDRC, r16
    20: 00000C   B904  OUT      DDRB, r16
    21: 
    22: 00000D   940E  CALL		Cargar_valores
        00000E   0035
    23: 00000F   E112  LDI      r17, 0b0010010
    24: 000010   E021  LDI		r18, 0x01
    25: 000011   2FD2  MOV      YH, r18
    26: 000012   E020  LDI      r18, 0x00
    27: 000013   2FC2  MOV      YL, r18
    28: 
    29:        ;activamos los pull-up en los pines de INT0 e INT1
    30: 000014   9A5A  SBI      PORTD, 2
    31: 000015   9A5B  SBI      PORTD, 3
    32: 
    33: 
    34:        ;Configuramos las interrupciones
    35: 000016   E003  LDI      r16, 0X03
    36: 000017   BB0D  OUT      EIMSK, r16       ;habilita las interrupciones INT0 e INT1
    37: 000018   E00F  LDI      r16, 0x0F
    38: 000019   9300  STS      EICRA, r16       ; configura flancos de subida
        00001A   0069
    39: 
    40: Wait:
    41: 00001B   2FC2  MOV      YL, r18
    42: 00001C   8148  LD		r20, Y
    43: 00001D   2F14  MOV		r17, r20
    44: 00001E   B918  OUT		PORTC, r17
    45: 00001F   9A28  SBI		PORTB, 0
    46: 000020   940E  CALL		Mseg
        000021   002A
    47: 000022   9828  CBI		PORTB, 0
    48: 000023   940E  CALL		Mseg
        000024   002A
    49: 000025   CFF5  RJMP		Wait
    50: 
    51: RSI_0:
    52: 000026   9523  inc		r18
    53: 000027   9518  RETI
    54: 
    55: RSI_1:
    56: 000028   952A  dec		r18
    57: 000029   9518  RETI
    58: 
    59: 
    60: Mseg:
    61: 00002A   E155  ldi		r21, 21
    62: 00002B   E46B  ldi		r22, 75
    63: 00002C   EB7D  ldi		r23, 189
    64: L1:
    65: 00002D   957A  dec		r23
    66: 00002E   F7F1  brne		L1
    67: 00002F   956A  dec		r22
    68: 000030   F7E1  brne		L1
    69: 000031   955A  dec		r21
    70: 000032   F7D1  brne		L1
    71: 000033   0000  nop
    72: 000034   9508  RET
    73: 
    74: Cargar_valores:
    75: 000035   E0C0  LDI		r28, 0x00
    76: 000036   E0D1  LDI		r29, 0x01
    77: 000037   E440  LDI		r20, 0b01000000
    78: 000038   9349  ST		Y+, r20
    79: 000039   E749  LDI		r20, 0b01111001
    80: 00003A   9349  ST		Y+, r20
    81: 00003B   E244  LDI		r20, 0b00100100
    82: 00003C   9349  ST		Y+, r20
    83: 00003D   E340  LDI		r20, 0b00110000
    84: 00003E   9349  ST		Y+, r20
    85: 00003F   E149  LDI		r20, 0b00011001
    86: 000040   9349  ST		Y+, r20
    87: 000041   E142  LDI		r20, 0b00010010
    88: 000042   9349  ST		Y+, r20
    89: 000043   E042  LDI		r20, 0b00000010
    90: 000044   9349  ST		Y+, r20
    91: 000045   E748  LDI		r20, 0b01111000
    92: 000046   9349  ST		Y+, r20
    93: 000047   E040  LDI		r20, 0b00000000
    94: 000048   9349  ST		Y+, r20
    95: 000049   E148  LDI		r20, 0b00011000
    96: 00004A   9349  ST		Y+, r20
    97: 00004B   9508  RET
    98: 
    99: 
   100: 

List of symbols:
Type nDef nUsed             Decimalval           Hexval Name
  T     1     1                    171               AB ATMEGA328P
  L     1     2                      5               05 INICIO
  L     1     2                     27               1B WAIT
  L     1     2                     38               26 RSI_0
  L     1     2                     40               28 RSI_1
  L     1     2                     42               2A MSEG
  L     1     6                     45               2D L1
  L     1     1                     53               35 CARGAR_VALORES
  C     1     0                     24               18 NOW_Y
  C     1     0                      9               09 NOW_M
  C     1     0                      6               06 NOW_D
  C     1     0                  45541             B1E5 NOW_I
   No macros.

Program             :       74 words.
Constants           :        0 words.
Total program memory:       74 words.
Eeprom space        :        0 bytes.
Data segment        :        0 bytes.
Compilation completed, no errors.
Compilation ended 06.09.2024, 00:17:07
